# JRE version: Java(TM) SE Runtime Environment (7.0_67-b01) (build 1.7.0_67-b01)
# Java VM: Java HotSpot(TM) 64-Bit Server VM (24.65-b04 mixed mode windows-amd64 compressed oops)
Heap
 PSYoungGen      total 245248K, used 168866K [0x00000000eaa80000, 0x00000000fb380000, 0x0000000100000000)
  eden space 231424K, 66% used [0x00000000eaa80000,0x00000000f41eb050,0x00000000f8c80000)
  from space 13824K, 99% used [0x00000000f9e00000,0x00000000fab7dac8,0x00000000fab80000)
  to   space 17920K, 0% used [0x00000000f8c80000,0x00000000f8c80000,0x00000000f9e00000)
 ParOldGen       total 83456K, used 18731K [0x00000000c0000000, 0x00000000c5180000, 0x00000000eaa80000)
  object space 83456K, 22% used [0x00000000c0000000,0x00000000c124ae68,0x00000000c5180000)
 PSPermGen       total 39424K, used 39280K [0x00000000b0000000, 0x00000000b2680000, 0x00000000c0000000)
  object space 39424K, 99% used [0x00000000b0000000,0x00000000b265c1e0,0x00000000b2680000)
GC Heap History (10 events):
Event: 2.022 GC heap before
{Heap before GC invocations=4 (full 0):
 PSYoungGen      total 36864K, used 36835K [0x00000000eaa80000, 0x00000000eee00000, 0x0000000100000000)
  eden space 31744K, 100% used [0x00000000eaa80000,0x00000000ec980000,0x00000000ec980000)
  from space 5120K, 99% used [0x00000000ec980000,0x00000000ece78cd0,0x00000000ece80000)
  to   space 5120K, 0% used [0x00000000ee900000,0x00000000ee900000,0x00000000eee00000)
 ParOldGen       total 83456K, used 5320K [0x00000000c0000000, 0x00000000c5180000, 0x00000000eaa80000)
  object space 83456K, 6% used [0x00000000c0000000,0x00000000c0532238,0x00000000c5180000)
 PSPermGen       total 21504K, used 21270K [0x00000000b0000000, 0x00000000b1500000, 0x00000000c0000000)
  object space 21504K, 98% used [0x00000000b0000000,0x00000000b14c5b38,0x00000000b1500000)
Event: 2.028 GC heap after
Heap after GC invocations=4 (full 0):
 PSYoungGen      total 64000K, used 5092K [0x00000000eaa80000, 0x00000000ef280000, 0x0000000100000000)
  eden space 58880K, 0% used [0x00000000eaa80000,0x00000000eaa80000,0x00000000ee400000)
  from space 5120K, 99% used [0x00000000ee900000,0x00000000eedf90c0,0x00000000eee00000)
  to   space 5120K, 0% used [0x00000000ee400000,0x00000000ee400000,0x00000000ee900000)
 ParOldGen       total 83456K, used 8308K [0x00000000c0000000, 0x00000000c5180000, 0x00000000eaa80000)
  object space 83456K, 9% used [0x00000000c0000000,0x00000000c081d3d8,0x00000000c5180000)
 PSPermGen       total 21504K, used 21270K [0x00000000b0000000, 0x00000000b1500000, 0x00000000c0000000)
  object space 21504K, 98% used [0x00000000b0000000,0x00000000b14c5b38,0x00000000b1500000)
}
Event: 2.216 GC heap before
{Heap before GC invocations=5 (full 0):
 PSYoungGen      total 64000K, used 63972K [0x00000000eaa80000, 0x00000000ef280000, 0x0000000100000000)
  eden space 58880K, 100% used [0x00000000eaa80000,0x00000000ee400000,0x00000000ee400000)
  from space 5120K, 99% used [0x00000000ee900000,0x00000000eedf90c0,0x00000000eee00000)
  to   space 5120K, 0% used [0x00000000ee400000,0x00000000ee400000,0x00000000ee900000)
 ParOldGen       total 83456K, used 8308K [0x00000000c0000000, 0x00000000c5180000, 0x00000000eaa80000)
  object space 83456K, 9% used [0x00000000c0000000,0x00000000c081d3d8,0x00000000c5180000)
 PSPermGen       total 21504K, used 21286K [0x00000000b0000000, 0x00000000b1500000, 0x00000000c0000000)
  object space 21504K, 98% used [0x00000000b0000000,0x00000000b14c9ae8,0x00000000b1500000)
Event: 2.223 GC heap after
Heap after GC invocations=5 (full 0):
 PSYoungGen      total 64000K, used 5096K [0x00000000eaa80000, 0x00000000f3180000, 0x0000000100000000)
  eden space 58880K, 0% used [0x00000000eaa80000,0x00000000eaa80000,0x00000000ee400000)
  from space 5120K, 99% used [0x00000000ee400000,0x00000000ee8fa0c0,0x00000000ee900000)
  to   space 10240K, 0% used [0x00000000f2780000,0x00000000f2780000,0x00000000f3180000)
 ParOldGen       total 83456K, used 9244K [0x00000000c0000000, 0x00000000c5180000, 0x00000000eaa80000)
  object space 83456K, 11% used [0x00000000c0000000,0x00000000c09073e8,0x00000000c5180000)
 PSPermGen       total 21504K, used 21286K [0x00000000b0000000, 0x00000000b1500000, 0x00000000c0000000)
  object space 21504K, 98% used [0x00000000b0000000,0x00000000b14c9ae8,0x00000000b1500000)
}
Event: 2.446 GC heap before
{Heap before GC invocations=6 (full 0):
 PSYoungGen      total 64000K, used 63976K [0x00000000eaa80000, 0x00000000f3180000, 0x0000000100000000)
  eden space 58880K, 100% used [0x00000000eaa80000,0x00000000ee400000,0x00000000ee400000)
  from space 5120K, 99% used [0x00000000ee400000,0x00000000ee8fa0c0,0x00000000ee900000)
  to   space 10240K, 0% used [0x00000000f2780000,0x00000000f2780000,0x00000000f3180000)
 ParOldGen       total 83456K, used 9244K [0x00000000c0000000, 0x00000000c5180000, 0x00000000eaa80000)
  object space 83456K, 11% used [0x00000000c0000000,0x00000000c09073e8,0x00000000c5180000)
 PSPermGen       total 21504K, used 21288K [0x00000000b0000000, 0x00000000b1500000, 0x00000000c0000000)
  object space 21504K, 98% used [0x00000000b0000000,0x00000000b14ca210,0x00000000b1500000)
Event: 2.452 GC heap after
Heap after GC invocations=6 (full 0):
 PSYoungGen      total 128000K, used 5800K [0x00000000eaa80000, 0x00000000f3180000, 0x0000000100000000)
  eden space 117760K, 0% used [0x00000000eaa80000,0x00000000eaa80000,0x00000000f1d80000)
  from space 10240K, 56% used [0x00000000f2780000,0x00000000f2d2a0d0,0x00000000f3180000)
  to   space 10240K, 0% used [0x00000000f1d80000,0x00000000f1d80000,0x00000000f2780000)
 ParOldGen       total 83456K, used 9252K [0x00000000c0000000, 0x00000000c5180000, 0x00000000eaa80000)
  object space 83456K, 11% used [0x00000000c0000000,0x00000000c09093e8,0x00000000c5180000)
 PSPermGen       total 21504K, used 21288K [0x00000000b0000000, 0x00000000b1500000, 0x00000000c0000000)
  object space 21504K, 98% used [0x00000000b0000000,0x00000000b14ca210,0x00000000b1500000)
}
Event: 3.462 GC heap before
{Heap before GC invocations=7 (full 0):
 PSYoungGen      total 128000K, used 123560K [0x00000000eaa80000, 0x00000000f3180000, 0x0000000100000000)
  eden space 117760K, 100% used [0x00000000eaa80000,0x00000000f1d80000,0x00000000f1d80000)
  from space 10240K, 56% used [0x00000000f2780000,0x00000000f2d2a0d0,0x00000000f3180000)
  to   space 10240K, 0% used [0x00000000f1d80000,0x00000000f1d80000,0x00000000f2780000)
 ParOldGen       total 83456K, used 9252K [0x00000000c0000000, 0x00000000c5180000, 0x00000000eaa80000)
  object space 83456K, 11% used [0x00000000c0000000,0x00000000c09093e8,0x00000000c5180000)
 PSPermGen       total 26624K, used 26215K [0x00000000b0000000, 0x00000000b1a00000, 0x00000000c0000000)
  object space 26624K, 98% used [0x00000000b0000000,0x00000000b1999d60,0x00000000b1a00000)
Event: 3.474 GC heap after
Heap after GC invocations=7 (full 0):
 PSYoungGen      total 128000K, used 10225K [0x00000000eaa80000, 0x00000000fab80000, 0x0000000100000000)
  eden space 117760K, 0% used [0x00000000eaa80000,0x00000000eaa80000,0x00000000f1d80000)
  from space 10240K, 99% used [0x00000000f1d80000,0x00000000f277c588,0x00000000f2780000)
  to   space 13824K, 0% used [0x00000000f9e00000,0x00000000f9e00000,0x00000000fab80000)
 ParOldGen       total 83456K, used 13906K [0x00000000c0000000, 0x00000000c5180000, 0x00000000eaa80000)
  object space 83456K, 16% used [0x00000000c0000000,0x00000000c0d94908,0x00000000c5180000)
 PSPermGen       total 26624K, used 26215K [0x00000000b0000000, 0x00000000b1a00000, 0x00000000c0000000)
  object space 26624K, 98% used [0x00000000b0000000,0x00000000b1999d60,0x00000000b1a00000)
}
Event: 4.672 GC heap before
{Heap before GC invocations=8 (full 0):
 PSYoungGen      total 128000K, used 127985K [0x00000000eaa80000, 0x00000000fab80000, 0x0000000100000000)
  eden space 117760K, 100% used [0x00000000eaa80000,0x00000000f1d80000,0x00000000f1d80000)
  from space 10240K, 99% used [0x00000000f1d80000,0x00000000f277c588,0x00000000f2780000)
  to   space 13824K, 0% used [0x00000000f9e00000,0x00000000f9e00000,0x00000000fab80000)
 ParOldGen       total 83456K, used 13906K [0x00000000c0000000, 0x00000000c5180000, 0x00000000eaa80000)
  object space 83456K, 16% used [0x00000000c0000000,0x00000000c0d94908,0x00000000c5180000)
 PSPermGen       total 34304K, used 33904K [0x00000000b0000000, 0x00000000b2180000, 0x00000000c0000000)
  object space 34304K, 98% used [0x00000000b0000000,0x00000000b211c340,0x00000000b2180000)
Event: 4.688 GC heap after
Heap after GC invocations=8 (full 0):
 PSYoungGen      total 245248K, used 13814K [0x00000000eaa80000, 0x00000000fb380000, 0x0000000100000000)
  eden space 231424K, 0% used [0x00000000eaa80000,0x00000000eaa80000,0x00000000f8c80000)
  from space 13824K, 99% used [0x00000000f9e00000,0x00000000fab7dac8,0x00000000fab80000)
  to   space 17920K, 0% used [0x00000000f8c80000,0x00000000f8c80000,0x00000000f9e00000)
 ParOldGen       total 83456K, used 18731K [0x00000000c0000000, 0x00000000c5180000, 0x00000000eaa80000)
  object space 83456K, 22% used [0x00000000c0000000,0x00000000c124ae68,0x00000000c5180000)
 PSPermGen       total 34304K, used 33904K [0x00000000b0000000, 0x00000000b2180000, 0x00000000c0000000)
  object space 34304K, 98% used [0x00000000b0000000,0x00000000b211c340,0x00000000b2180000)
}

